[debug] [2025-04-08T05:14:16.129Z] ----------------------------------------------------------------------
[debug] [2025-04-08T05:14:16.130Z] Command:       C:\Program Files\nodejs\node.exe C:\Users\jilan\AppData\Roaming\npm\node_modules\firebase-tools\lib\bin\firebase.js init functions
[debug] [2025-04-08T05:14:16.131Z] CLI Version:   14.1.0
[debug] [2025-04-08T05:14:16.131Z] Platform:      win32
[debug] [2025-04-08T05:14:16.131Z] Node Version:  v22.13.0
[debug] [2025-04-08T05:14:16.131Z] Time:          Mon Apr 07 2025 22:14:16 GMT-0700 (Pacific Daylight Time)
[debug] [2025-04-08T05:14:16.131Z] ----------------------------------------------------------------------
[debug] 
[debug] [2025-04-08T05:14:16.137Z] > command requires scopes: ["email","openid","https://www.googleapis.com/auth/cloudplatformprojects.readonly","https://www.googleapis.com/auth/firebase","https://www.googleapis.com/auth/cloud-platform"]
[debug] [2025-04-08T05:14:16.137Z] > authorizing via signed-in user (jilanihammad@gmail.com)
[info] 
     ######## #### ########  ######## ########     ###     ######  ########
     ##        ##  ##     ## ##       ##     ##  ##   ##  ##       ##
     ######    ##  ########  ######   ########  #########  ######  ######
     ##        ##  ##    ##  ##       ##     ## ##     ##       ## ##
     ##       #### ##     ## ######## ########  ##     ##  ######  ########

You're about to initialize a Firebase project in this directory:

  C:\MyApps\firebase_functions

Before we get started, keep in mind:

  * You are currently outside your home directory

